Using pre-set license

 COMMAND LINE ARGUMENTS:
/Applications/Unity/Hub/Editor/2020.3.0f1/Unity.app/Contents/MacOS/Unity
-adb2
-batchMode
-noUpm
-name
AssetImportWorker0
-projectPath
/Users/simonesun/Downloads/UnityMultiplayerTutorial
-logFile
Logs/AssetImportWorker0.log
-srvPort
60558
Successfully changed project path to: /Users/simonesun/Downloads/UnityMultiplayerTutorial
/Users/simonesun/Downloads/UnityMultiplayerTutorial
Using Asset Import Pipeline V2.
Refreshing native plugins compatible for Editor in 30.93 ms, found 1 plugins.
Preloading 0 native plugins for Editor in 0.00 ms.
Initialize engine version: 2020.3.0f1 (c7b5465681fb)
[Subsystems] Discovering subsystems at path /Applications/Unity/Hub/Editor/2020.3.0f1/Unity.app/Contents/Resources/UnitySubsystems
[Subsystems] Discovering subsystems at path /Users/simonesun/Downloads/UnityMultiplayerTutorial/Assets
GfxDevice: creating device client; threaded=0
2021-03-16 22:20:03.430 Unity[65631:2571332] (null) preferred device: Apple M1 (high power)
2021-03-16 22:20:03.430 Unity[65631:2571332] Metal devices available: 1
2021-03-16 22:20:03.430 Unity[65631:2571332] 0: Apple M1 (high power)
2021-03-16 22:20:03.431 Unity[65631:2571332] Using device Apple M1 (high power)
Initializing Metal device caps: Apple M1
Initialize mono
Mono path[0] = '/Applications/Unity/Hub/Editor/2020.3.0f1/Unity.app/Contents/Managed'
Mono path[1] = '/Applications/Unity/Hub/Editor/2020.3.0f1/Unity.app/Contents/MonoBleedingEdge/lib/mono/unityjit'
Mono config path = '/Applications/Unity/Hub/Editor/2020.3.0f1/Unity.app/Contents/MonoBleedingEdge/etc'
Using monoOptions --debugger-agent=transport=dt_socket,embedding=1,server=y,suspend=n,address=127.0.0.1:56631
Begin MonoManager ReloadAssembly
Registering precompiled unity dll's ...
Register platform support module: /Applications/Unity/Hub/Editor/2020.3.0f1/PlaybackEngines/WebGLSupport/UnityEditor.WebGL.Extensions.dll
Register platform support module: /Applications/Unity/Hub/Editor/2020.3.0f1/Unity.app/Contents/PlaybackEngines/MacStandaloneSupport/UnityEditor.OSXStandalone.Extensions.dll
Register platform support module: /Applications/Unity/Hub/Editor/2020.3.0f1/PlaybackEngines/WindowsStandaloneSupport/UnityEditor.WindowsStandalone.Extensions.dll
Registered in 0.002077 seconds.
Native extension for WindowsStandalone target not found
Native extension for OSXStandalone target not found
Native extension for WebGL target not found
Refreshing native plugins compatible for Editor in 27.97 ms, found 1 plugins.
Preloading 0 native plugins for Editor in 0.00 ms.
Invoked RoslynAnalysisRunner static constructor.
RoslynAnalysisRunner will not be running.
RoslynAnalysisRunner has terminated.
Mono: successfully reloaded assembly
- Completed reload, in  2.472 seconds
Platform modules already initialized, skipping
Registering precompiled user dll's ...
Registered in 0.006132 seconds.
Begin MonoManager ReloadAssembly
Native extension for WindowsStandalone target not found
Native extension for OSXStandalone target not found
Native extension for WebGL target not found
Refreshing native plugins compatible for Editor in 0.39 ms, found 1 plugins.
Preloading 0 native plugins for Editor in 0.00 ms.
Invoked RoslynAnalysisRunner static constructor.
RoslynAnalysisRunner will not be running.
RoslynAnalysisRunner has terminated.
Mono: successfully reloaded assembly
- Completed reload, in  1.876 seconds
Platform modules already initialized, skipping
========================================================================
Worker process is ready to serve import requests
Launching external process: /Applications/Unity/Hub/Editor/2020.3.0f1/Unity.app/Contents/Tools/UnityShaderCompiler
Launched and connected shader compiler UnityShaderCompiler after 0.03 seconds
Refreshing native plugins compatible for Editor in 0.33 ms, found 1 plugins.
Preloading 0 native plugins for Editor in 0.00 ms.
Unloading 1513 Unused Serialized files (Serialized files now loaded: 0)
System memory in use before: 124.1 MB.
System memory in use after: 124.2 MB.

Unloading 37 unused Assets to reduce memory usage. Loaded Objects now: 1938.
Total: 1.552542 ms (FindLiveObjects: 0.194666 ms CreateObjectMapping: 0.033833 ms MarkObjects: 1.254458 ms  DeleteObjects: 0.068375 ms)

========================================================================
Received Import Request.
  path: Assets/Staatliches-Regular.ttf
  artifactKey: Guid(bd01826433a244b4c9e2cf4df4ad2130) Importer(815301076,1909f56bfc062723c751e8b465ee728b)
Start importing Assets/Staatliches-Regular.ttf using Guid(bd01826433a244b4c9e2cf4df4ad2130) Importer(815301076,1909f56bfc062723c751e8b465ee728b)  -> (artifact id: '2db115903786f338b3825a2f5fea7ab3') in 0.809255 seconds
  Import took 0.811455 seconds .

========================================================================
Received Import Request.
  Time since last request: 0.000238 seconds.
  path: Assets/ShotAnim.png
  artifactKey: Guid(76e8943106dec1e4fba615777bca3314) Importer(815301076,1909f56bfc062723c751e8b465ee728b)
Start importing Assets/ShotAnim.png using Guid(76e8943106dec1e4fba615777bca3314) Importer(815301076,1909f56bfc062723c751e8b465ee728b)  -> (artifact id: '795db3a3926ae7a4d134e235e8d9b515') in 0.422579 seconds
  Import took 0.424460 seconds .

========================================================================
Received Import Request.
  Time since last request: 0.000201 seconds.
  path: Assets/Square.png
  artifactKey: Guid(fbb4a74849358b942b9b38276e66c2a7) Importer(815301076,1909f56bfc062723c751e8b465ee728b)
Start importing Assets/Square.png using Guid(fbb4a74849358b942b9b38276e66c2a7) Importer(815301076,1909f56bfc062723c751e8b465ee728b)  -> (artifact id: 'cbc54df11f4d3d2ddcc1d48c759dbf47') in 0.012799 seconds
  Import took 0.014815 seconds .

========================================================================
Received Import Request.
  Time since last request: 86.383242 seconds.
  path: Assets/Photon Unity Networking/Resources/PhotonServerSettings.asset
  artifactKey: Guid(defeff80bddd7de4c9054cf8c13bf062) Importer(815301076,1909f56bfc062723c751e8b465ee728b)
Start importing Assets/Photon Unity Networking/Resources/PhotonServerSettings.asset using Guid(defeff80bddd7de4c9054cf8c13bf062) Importer(815301076,1909f56bfc062723c751e8b465ee728b)  -> (artifact id: '6810331c0f59f1fde43385945145d005') in 0.443706 seconds
  Import took 0.453542 seconds .

========================================================================
Received Prepare
Refreshing native plugins compatible for Editor in 6.38 ms, found 1 plugins.
Preloading 0 native plugins for Editor in 0.00 ms.
Unloading 26 Unused Serialized files (Serialized files now loaded: 0)
System memory in use before: 112.4 MB.
System memory in use after: 112.5 MB.

Unloading 26 unused Assets to reduce memory usage. Loaded Objects now: 1987.
Total: 28.026375 ms (FindLiveObjects: 0.746084 ms CreateObjectMapping: 0.036375 ms MarkObjects: 27.215542 ms  DeleteObjects: 0.027375 ms)

========================================================================
Received Prepare
Registering precompiled user dll's ...
Registered in 0.001444 seconds.
Begin MonoManager ReloadAssembly
Native extension for WindowsStandalone target not found
Native extension for OSXStandalone target not found
Native extension for WebGL target not found
Refreshing native plugins compatible for Editor in 0.37 ms, found 1 plugins.
Preloading 0 native plugins for Editor in 0.00 ms.
Invoked RoslynAnalysisRunner static constructor.
RoslynAnalysisRunner will not be running.
RoslynAnalysisRunner has terminated.
Mono: successfully reloaded assembly
- Completed reload, in  1.874 seconds
Platform modules already initialized, skipping
Refreshing native plugins compatible for Editor in 0.32 ms, found 1 plugins.
Preloading 0 native plugins for Editor in 0.00 ms.
Unloading 1507 Unused Serialized files (Serialized files now loaded: 0)
System memory in use before: 141.0 MB.
System memory in use after: 141.1 MB.

Unloading 28 unused Assets to reduce memory usage. Loaded Objects now: 1990.
Total: 1.329291 ms (FindLiveObjects: 0.219625 ms CreateObjectMapping: 0.032875 ms MarkObjects: 1.051583 ms  DeleteObjects: 0.023791 ms)

========================================================================
Received Prepare
Refreshing native plugins compatible for Editor in 2.35 ms, found 1 plugins.
Preloading 0 native plugins for Editor in 0.00 ms.
Unloading 26 Unused Serialized files (Serialized files now loaded: 0)
System memory in use before: 111.8 MB.
System memory in use after: 111.9 MB.

Unloading 26 unused Assets to reduce memory usage. Loaded Objects now: 1990.
Total: 1.189000 ms (FindLiveObjects: 0.118167 ms CreateObjectMapping: 0.028917 ms MarkObjects: 1.026708 ms  DeleteObjects: 0.014375 ms)

========================================================================
Received Prepare
Registering precompiled user dll's ...
Registered in 0.001108 seconds.
Begin MonoManager ReloadAssembly
Native extension for WindowsStandalone target not found
Native extension for OSXStandalone target not found
Native extension for WebGL target not found
Refreshing native plugins compatible for Editor in 0.36 ms, found 1 plugins.
Preloading 0 native plugins for Editor in 0.00 ms.
Invoked RoslynAnalysisRunner static constructor.
RoslynAnalysisRunner will not be running.
RoslynAnalysisRunner has terminated.
Mono: successfully reloaded assembly
- Completed reload, in  1.855 seconds
Platform modules already initialized, skipping
Refreshing native plugins compatible for Editor in 0.30 ms, found 1 plugins.
Preloading 0 native plugins for Editor in 0.00 ms.
Unloading 1507 Unused Serialized files (Serialized files now loaded: 0)
System memory in use before: 141.2 MB.
System memory in use after: 141.3 MB.

Unloading 28 unused Assets to reduce memory usage. Loaded Objects now: 1993.
Total: 1.259125 ms (FindLiveObjects: 0.138708 ms CreateObjectMapping: 0.032333 ms MarkObjects: 1.070125 ms  DeleteObjects: 0.017042 ms)

========================================================================
Received Prepare
Refreshing native plugins compatible for Editor in 2.30 ms, found 1 plugins.
Preloading 0 native plugins for Editor in 0.00 ms.
Unloading 26 Unused Serialized files (Serialized files now loaded: 0)
System memory in use before: 112.0 MB.
System memory in use after: 112.1 MB.

Unloading 26 unused Assets to reduce memory usage. Loaded Objects now: 1993.
Total: 1.267791 ms (FindLiveObjects: 0.185917 ms CreateObjectMapping: 0.030792 ms MarkObjects: 1.037541 ms  DeleteObjects: 0.012666 ms)

========================================================================
Received Prepare
Refreshing native plugins compatible for Editor in 5.20 ms, found 1 plugins.
Preloading 0 native plugins for Editor in 0.00 ms.
Unloading 26 Unused Serialized files (Serialized files now loaded: 0)
System memory in use before: 112.0 MB.
System memory in use after: 112.2 MB.

Unloading 26 unused Assets to reduce memory usage. Loaded Objects now: 1993.
Total: 1.363042 ms (FindLiveObjects: 0.144125 ms CreateObjectMapping: 0.034000 ms MarkObjects: 1.171041 ms  DeleteObjects: 0.013208 ms)

========================================================================
Received Import Request.
  Time since last request: 623.950517 seconds.
  path: Assets/Photon Unity Networking/Resources/Bullet.prefab
  artifactKey: Guid(a44299d2e53bfff4d93259b97f3de035) Importer(815301076,1909f56bfc062723c751e8b465ee728b)
Start importing Assets/Photon Unity Networking/Resources/Bullet.prefab using Guid(a44299d2e53bfff4d93259b97f3de035) Importer(815301076,1909f56bfc062723c751e8b465ee728b)  -> (artifact id: '19c532cf9c76e5ddaa014fb071f04563') in 0.645559 seconds
  Import took 0.716815 seconds .

========================================================================
Received Import Request.
  Time since last request: 0.000592 seconds.
  path: Assets/Photon Unity Networking/Resources/PhotonServerSettings.asset
  artifactKey: Guid(defeff80bddd7de4c9054cf8c13bf062) Importer(815301076,1909f56bfc062723c751e8b465ee728b)
Start importing Assets/Photon Unity Networking/Resources/PhotonServerSettings.asset using Guid(defeff80bddd7de4c9054cf8c13bf062) Importer(815301076,1909f56bfc062723c751e8b465ee728b)  -> (artifact id: '84043a6577c5812db5beb09d0ccf06a7') in 0.006006 seconds
  Import took 0.007679 seconds .

========================================================================
Received Import Request.
  Time since last request: 0.000306 seconds.
  path: Assets/Photon Unity Networking/Resources/PlayerFeed.prefab
  artifactKey: Guid(42fe181210056be4a86b93242e3dc3c6) Importer(815301076,1909f56bfc062723c751e8b465ee728b)
Start importing Assets/Photon Unity Networking/Resources/PlayerFeed.prefab using Guid(42fe181210056be4a86b93242e3dc3c6) Importer(815301076,1909f56bfc062723c751e8b465ee728b)  -> (artifact id: 'a51a954dc463e5fd27f371f038fc2d26') in 0.023589 seconds
  Import took 0.025904 seconds .

========================================================================
Received Import Request.
  Time since last request: 0.000259 seconds.
  path: Assets/Photon Unity Networking/Resources/Player.prefab
  artifactKey: Guid(f46915299c3c87d48a933794b5e38872) Importer(815301076,1909f56bfc062723c751e8b465ee728b)
Start importing Assets/Photon Unity Networking/Resources/Player.prefab using Guid(f46915299c3c87d48a933794b5e38872) Importer(815301076,1909f56bfc062723c751e8b465ee728b)  -> (artifact id: '3b5b2d977b6428b2b0293771907ca072') in 0.066803 seconds
  Import took 0.069510 seconds .

========================================================================
Received Import Request.
  Time since last request: 4.217147 seconds.
  path: Assets/Scenes/MainGame.unity
  artifactKey: Guid(6baac2417356eca409ea66b1e46d64c8) Importer(815301076,1909f56bfc062723c751e8b465ee728b)
Start importing Assets/Scenes/MainGame.unity using Guid(6baac2417356eca409ea66b1e46d64c8) Importer(815301076,1909f56bfc062723c751e8b465ee728b)  -> (artifact id: 'aee9944dd8a69085f51e7016da676109') in 0.001416 seconds
  Import took 0.003602 seconds .

========================================================================
Received Import Request.
  Time since last request: 0.051422 seconds.
  path: Assets/Scenes/MainGame.unity
  artifactKey: Guid(6baac2417356eca409ea66b1e46d64c8) Importer(815301076,1909f56bfc062723c751e8b465ee728b)
Start importing Assets/Scenes/MainGame.unity using Guid(6baac2417356eca409ea66b1e46d64c8) Importer(815301076,1909f56bfc062723c751e8b465ee728b)  -> (artifact id: 'aee9944dd8a69085f51e7016da676109') in 0.000935 seconds
  Import took 0.003052 seconds .

========================================================================
Received Import Request.
  Time since last request: 0.517466 seconds.
  path: Assets/Scenes/MainMenu.unity
  artifactKey: Guid(75a847ebe133a6b4aa1aa4622d6eb36b) Importer(815301076,1909f56bfc062723c751e8b465ee728b)
Start importing Assets/Scenes/MainMenu.unity using Guid(75a847ebe133a6b4aa1aa4622d6eb36b) Importer(815301076,1909f56bfc062723c751e8b465ee728b)  -> (artifact id: '022c8408dff933d43df1cc94d99a92f1') in 0.001734 seconds
  Import took 0.003984 seconds .

========================================================================
Received Prepare
Registering precompiled user dll's ...
Registered in 0.002438 seconds.
Begin MonoManager ReloadAssembly
Native extension for WindowsStandalone target not found
Native extension for OSXStandalone target not found
Native extension for WebGL target not found
Refreshing native plugins compatible for Editor in 0.37 ms, found 1 plugins.
Preloading 0 native plugins for Editor in 0.00 ms.
Invoked RoslynAnalysisRunner static constructor.
RoslynAnalysisRunner will not be running.
RoslynAnalysisRunner has terminated.
Mono: successfully reloaded assembly
- Completed reload, in  1.939 seconds
Platform modules already initialized, skipping
Refreshing native plugins compatible for Editor in 0.33 ms, found 1 plugins.
Preloading 0 native plugins for Editor in 0.00 ms.
Unloading 1507 Unused Serialized files (Serialized files now loaded: 0)
System memory in use before: 145.7 MB.
System memory in use after: 145.8 MB.

Unloading 28 unused Assets to reduce memory usage. Loaded Objects now: 1997.
Total: 1.503875 ms (FindLiveObjects: 0.117875 ms CreateObjectMapping: 0.030542 ms MarkObjects: 1.335333 ms  DeleteObjects: 0.019167 ms)

========================================================================
Received Prepare
Registering precompiled user dll's ...
Registered in 0.003080 seconds.
Begin MonoManager ReloadAssembly
Native extension for WindowsStandalone target not found
Native extension for OSXStandalone target not found
Native extension for WebGL target not found
Refreshing native plugins compatible for Editor in 0.37 ms, found 1 plugins.
Preloading 0 native plugins for Editor in 0.00 ms.
Invoked RoslynAnalysisRunner static constructor.
RoslynAnalysisRunner will not be running.
RoslynAnalysisRunner has terminated.
Mono: successfully reloaded assembly
- Completed reload, in  1.779 seconds
Platform modules already initialized, skipping
Refreshing native plugins compatible for Editor in 0.30 ms, found 1 plugins.
Preloading 0 native plugins for Editor in 0.00 ms.
Unloading 1507 Unused Serialized files (Serialized files now loaded: 0)
System memory in use before: 145.9 MB.
System memory in use after: 146.0 MB.

Unloading 28 unused Assets to reduce memory usage. Loaded Objects now: 2000.
Total: 1.187542 ms (FindLiveObjects: 0.108834 ms CreateObjectMapping: 0.030041 ms MarkObjects: 1.029333 ms  DeleteObjects: 0.018583 ms)

========================================================================
Received Prepare
Refreshing native plugins compatible for Editor in 3.76 ms, found 1 plugins.
Preloading 0 native plugins for Editor in 0.00 ms.
Unloading 26 Unused Serialized files (Serialized files now loaded: 0)
System memory in use before: 116.7 MB.
System memory in use after: 116.8 MB.

Unloading 26 unused Assets to reduce memory usage. Loaded Objects now: 2000.
Total: 11.226125 ms (FindLiveObjects: 0.182625 ms CreateObjectMapping: 0.027709 ms MarkObjects: 10.978375 ms  DeleteObjects: 0.036542 ms)

========================================================================
Received Prepare
Registering precompiled user dll's ...
Registered in 0.003375 seconds.
Begin MonoManager ReloadAssembly
Native extension for WindowsStandalone target not found
Native extension for OSXStandalone target not found
Native extension for WebGL target not found
Refreshing native plugins compatible for Editor in 0.40 ms, found 1 plugins.
Preloading 0 native plugins for Editor in 0.00 ms.
Invoked RoslynAnalysisRunner static constructor.
RoslynAnalysisRunner will not be running.
RoslynAnalysisRunner has terminated.
Mono: successfully reloaded assembly
- Completed reload, in  2.281 seconds
Platform modules already initialized, skipping
Refreshing native plugins compatible for Editor in 0.38 ms, found 1 plugins.
Preloading 0 native plugins for Editor in 0.00 ms.
Unloading 1507 Unused Serialized files (Serialized files now loaded: 0)
System memory in use before: 146.1 MB.
System memory in use after: 146.2 MB.

Unloading 28 unused Assets to reduce memory usage. Loaded Objects now: 2003.
Total: 1.448000 ms (FindLiveObjects: 0.198459 ms CreateObjectMapping: 0.031500 ms MarkObjects: 1.191833 ms  DeleteObjects: 0.021625 ms)

